
> hacklearn-pro@1.0.0 build
> tsc -b && vite build

src/components/concepts/detailed/PromptInjectionConcept.tsx(8,1): error TS6133: 'InjectionSpectrumVisualizer' is declared but its value is never read.
src/components/playground/tokenization/components/BPEMergeVisualizer.tsx(18,3): error TS6133: 'text' is declared but its value is never read.
src/components/playground/tokenization/hooks/useTokenization.ts(5,33): error TS6133: 'useMemo' is declared but its value is never read.
src/components/playground/tokenization/TokenizationVisualizer.tsx(16,30): error TS6196: 'TokenizerModel' is declared but never used.
src/components/playground/tokenization/utils/tokenizers.ts(7,10): error TS2614: Module '"llama3-tokenizer-js"' has no exported member 'encode'. Did you mean to use 'import encode from "llama3-tokenizer-js"' instead?
src/components/playground/tokenization/utils/tokenizers.ts(7,33): error TS2614: Module '"llama3-tokenizer-js"' has no exported member 'decode'. Did you mean to use 'import decode from "llama3-tokenizer-js"' instead?
src/components/playground/tokenization/utils/tokenizers.ts(81,41): error TS7006: Parameter 'id' implicitly has an 'any' type.
src/components/playground/tokenization/utils/tokenizers.ts(81,45): error TS7006: Parameter 'idx' implicitly has an 'any' type.
src/components/timeline/hooks/useTimelineData.ts(63,5): error TS2741: Property 'eventsByEra' is missing in type '{ totalEvents: number; totalEras: number; totalAttackTechniques: number; totalVulnerabilities: number; eventsByImpact: { foundational: number; critical: number; high: number; medium: number; low: number; }; eventsByCategory: Record<...>; }' but required in type 'TimelineStatistics'.
src/components/timeline/hooks/useTimelineFilters.ts(7,24): error TS6133: 'getEventsByEra' is declared but its value is never read.
src/components/timeline/hooks/useTimelineFilters.ts(7,40): error TS6133: 'getEventsByCategory' is declared but its value is never read.
src/components/timeline/hooks/useTimelineFilters.ts(7,61): error TS6133: 'getEventsByImpact' is declared but its value is never read.
src/components/timeline/InteractiveTimelineView.tsx(26,25): error TS6133: 'statistics' is declared but its value is never read.
src/components/timeline/InteractiveTimelineView.tsx(41,5): error TS6133: 'clearSelection' is declared but its value is never read.
src/components/timeline/modes/EraFocusMode.tsx(142,40): error TS2322: Type '{ hidden: { y: number; opacity: number; }; visible: { y: number; opacity: number; transition: { duration: number; ease: string; }; }; exit: { y: number; opacity: number; }; }' is not assignable to type 'Variants'.
  Property 'visible' is incompatible with index signature.
    Type '{ y: number; opacity: number; transition: { duration: number; ease: string; }; }' is not assignable to type 'Variant'.
      Type '{ y: number; opacity: number; transition: { duration: number; ease: string; }; }' is not assignable to type 'TargetAndTransition'.
        Type '{ y: number; opacity: number; transition: { duration: number; ease: string; }; }' is not assignable to type '{ transition?: Transition<any> | undefined; transitionEnd?: ResolvedValues | undefined; }'.
          Types of property 'transition' are incompatible.
            Type '{ duration: number; ease: string; }' is not assignable to type 'Transition<any> | undefined'.
              Type '{ duration: number; ease: string; }' is not assignable to type 'TransitionWithValueOverrides<any>'.
                Type '{ duration: number; ease: string; }' is not assignable to type 'ValueAnimationTransition<any>'.
                  Types of property 'ease' are incompatible.
                    Type 'string' is not assignable to type 'Easing | Easing[] | undefined'.
src/components/timeline/shared/EraIndicator.tsx(7,1): error TS6133: 'Era' is declared but its value is never read.
src/components/timeline/shared/EventDetailModal.tsx(124,13): error TS2322: Type '{ hidden: { opacity: number; scale: number; y: number; }; visible: { opacity: number; scale: number; y: number; transition: { type: string; damping: number; stiffness: number; mass: number; }; }; exit: { opacity: number; scale: number; y: number; transition: { ...; }; }; }' is not assignable to type 'Variants'.
  Property 'visible' is incompatible with index signature.
    Type '{ opacity: number; scale: number; y: number; transition: { type: string; damping: number; stiffness: number; mass: number; }; }' is not assignable to type 'Variant'.
      Type '{ opacity: number; scale: number; y: number; transition: { type: string; damping: number; stiffness: number; mass: number; }; }' is not assignable to type 'TargetAndTransition'.
        Type '{ opacity: number; scale: number; y: number; transition: { type: string; damping: number; stiffness: number; mass: number; }; }' is not assignable to type '{ transition?: Transition<any> | undefined; transitionEnd?: ResolvedValues | undefined; }'.
          Types of property 'transition' are incompatible.
            Type '{ type: string; damping: number; stiffness: number; mass: number; }' is not assignable to type 'Transition<any> | undefined'.
              Type '{ type: string; damping: number; stiffness: number; mass: number; }' is not assignable to type 'TransitionWithValueOverrides<any>'.
                Type '{ type: string; damping: number; stiffness: number; mass: number; }' is not assignable to type 'ValueAnimationTransition<any>'.
                  Types of property 'type' are incompatible.
                    Type 'string' is not assignable to type 'AnimationGeneratorType | undefined'.
src/components/timeline/TimelineNarrativeIntro.tsx(9,10): error TS6133: 'TIMELINE_INTRODUCTION_NARRATIVE' is declared but its value is never read.
src/components/timeline/types/timeline-ui.ts(6,15): error TS6196: 'TimelineEvent' is declared but never used.
src/components/timeline/types/timeline-ui.ts(6,35): error TS6196: 'AttackTechnique' is declared but never used.
